🚀 UK Invoice App API running on port 3000
📊 Health check: http://localhost:3000/health
🔐 Auth endpoints: http://localhost:3000/api/auth
🏢 Company endpoints: http://localhost:3000/api/companies
👥 Client endpoints: http://localhost:3000/api/clients
📄 Invoice endpoints: http://localhost:3000/api/invoices
💰 Expense endpoints: http://localhost:3000/api/expenses
⚙️ Settings endpoints: http://localhost:3000/api/settings
prisma:query SELECT "public"."User"."id", "public"."User"."email", "public"."User"."password", "public"."User"."name", "public"."User"."emailVerified", "public"."User"."emailToken", "public"."User"."emailTokenExpires", "public"."User"."createdAt", "public"."User"."updatedAt" FROM "public"."User" WHERE ("public"."User"."email" = $1 AND 1=1) LIMIT $2 OFFSET $3
prisma:query SELECT "public"."User"."id", "public"."User"."email", "public"."User"."password", "public"."User"."name", "public"."User"."emailVerified", "public"."User"."emailToken", "public"."User"."emailTokenExpires", "public"."User"."createdAt", "public"."User"."updatedAt" FROM "public"."User" WHERE ("public"."User"."email" = $1 AND 1=1) LIMIT $2 OFFSET $3
prisma:query SELECT "public"."User"."id", "public"."User"."email", "public"."User"."name" FROM "public"."User" WHERE ("public"."User"."id" = $1 AND 1=1) LIMIT $2 OFFSET $3
prisma:query SELECT "public"."Company"."id", "public"."Company"."name", "public"."Company"."vatNumber", "public"."Company"."companyNumber", "public"."Company"."utr" FROM "public"."Company" WHERE 1=1 ORDER BY "public"."Company"."name" ASC OFFSET $1
prisma:query SELECT "public"."User"."id", "public"."User"."email", "public"."User"."name" FROM "public"."User" WHERE ("public"."User"."id" = $1 AND 1=1) LIMIT $2 OFFSET $3
prisma:query SELECT "public"."Company"."id", "public"."Company"."name", "public"."Company"."vatNumber", "public"."Company"."companyNumber", "public"."Company"."utr" FROM "public"."Company" WHERE 1=1 ORDER BY "public"."Company"."name" ASC OFFSET $1
prisma:query SELECT "public"."User"."id", "public"."User"."email", "public"."User"."name" FROM "public"."User" WHERE ("public"."User"."id" = $1 AND 1=1) LIMIT $2 OFFSET $3
prisma:query SELECT "public"."Invoice"."id", "public"."Invoice"."companyId", "public"."Invoice"."clientId", "public"."Invoice"."invoiceDate", "public"."Invoice"."dueDate", "public"."Invoice"."description", "public"."Invoice"."subtotal", "public"."Invoice"."vat", "public"."Invoice"."total", "public"."Invoice"."status" FROM "public"."Invoice" WHERE "public"."Invoice"."companyId" = $1 ORDER BY "public"."Invoice"."invoiceDate" DESC OFFSET $2
prisma:query SELECT "public"."Client"."id", "public"."Client"."name", "public"."Client"."email" FROM "public"."Client" WHERE "public"."Client"."id" IN ($1,$2,$3,$4,$5,$6,$7,$8,$9) OFFSET $10
prisma:query SELECT "public"."LineItem"."id", "public"."LineItem"."invoiceId", "public"."LineItem"."description", "public"."LineItem"."quantity", "public"."LineItem"."unitPrice", "public"."LineItem"."vatType", "public"."LineItem"."vatAmount", "public"."LineItem"."lineTotal" FROM "public"."LineItem" WHERE "public"."LineItem"."invoiceId" IN ($1,$2,$3,$4,$5,$6,$7,$8,$9,$10,$11,$12,$13,$14,$15,$16,$17,$18,$19,$20,$21,$22,$23,$24,$25,$26,$27,$28,$29,$30,$31,$32,$33,$34,$35,$36,$37,$38,$39,$40,$41,$42,$43,$44,$45,$46,$47,$48,$49,$50,$51,$52,$53,$54,$55,$56,$57,$58,$59,$60,$61,$62,$63,$64,$65,$66,$67,$68,$69,$70,$71,$72,$73,$74,$75,$76,$77,$78,$79) OFFSET $80
prisma:query SELECT "public"."User"."id", "public"."User"."email", "public"."User"."name" FROM "public"."User" WHERE ("public"."User"."id" = $1 AND 1=1) LIMIT $2 OFFSET $3
prisma:query SELECT "public"."User"."id", "public"."User"."email", "public"."User"."name" FROM "public"."User" WHERE ("public"."User"."id" = $1 AND 1=1) LIMIT $2 OFFSET $3
prisma:query SELECT "public"."Invoice"."id", "public"."Invoice"."companyId", "public"."Invoice"."clientId", "public"."Invoice"."invoiceDate", "public"."Invoice"."dueDate", "public"."Invoice"."description", "public"."Invoice"."subtotal", "public"."Invoice"."vat", "public"."Invoice"."total", "public"."Invoice"."status" FROM "public"."Invoice" WHERE "public"."Invoice"."companyId" = $1 ORDER BY "public"."Invoice"."invoiceDate" DESC OFFSET $2
prisma:query SELECT "public"."Client"."id", "public"."Client"."name", "public"."Client"."email" FROM "public"."Client" WHERE "public"."Client"."id" IN ($1,$2,$3,$4,$5,$6,$7,$8,$9) OFFSET $10
prisma:query SELECT "public"."LineItem"."id", "public"."LineItem"."invoiceId", "public"."LineItem"."description", "public"."LineItem"."quantity", "public"."LineItem"."unitPrice", "public"."LineItem"."vatType", "public"."LineItem"."vatAmount", "public"."LineItem"."lineTotal" FROM "public"."LineItem" WHERE "public"."LineItem"."invoiceId" IN ($1,$2,$3,$4,$5,$6,$7,$8,$9,$10,$11,$12,$13,$14,$15,$16,$17,$18,$19,$20,$21,$22,$23,$24,$25,$26,$27,$28,$29,$30,$31,$32,$33,$34,$35,$36,$37,$38,$39,$40,$41,$42,$43,$44,$45,$46,$47,$48,$49,$50,$51,$52,$53,$54,$55,$56,$57,$58,$59,$60,$61,$62,$63,$64,$65,$66,$67,$68,$69,$70,$71,$72,$73,$74,$75,$76,$77,$78,$79) OFFSET $80
prisma:query SELECT "public"."Expense"."id", "public"."Expense"."companyId", "public"."Expense"."date", "public"."Expense"."amount", "public"."Expense"."category", "public"."Expense"."description", "public"."Expense"."receiptUrl", "public"."Expense"."mileage", "public"."Expense"."vehicleType", "public"."Expense"."createdAt", "public"."Expense"."updatedAt" FROM "public"."Expense" WHERE "public"."Expense"."companyId" = $1 ORDER BY "public"."Expense"."date" DESC OFFSET $2
prisma:query SELECT "public"."User"."id", "public"."User"."email", "public"."User"."name" FROM "public"."User" WHERE ("public"."User"."id" = $1 AND 1=1) LIMIT $2 OFFSET $3
prisma:query SELECT "public"."Expense"."id", "public"."Expense"."companyId", "public"."Expense"."date", "public"."Expense"."amount", "public"."Expense"."category", "public"."Expense"."description", "public"."Expense"."receiptUrl", "public"."Expense"."mileage", "public"."Expense"."vehicleType", "public"."Expense"."createdAt", "public"."Expense"."updatedAt" FROM "public"."Expense" WHERE "public"."Expense"."companyId" = $1 ORDER BY "public"."Expense"."date" DESC OFFSET $2
prisma:query SELECT 1
prisma:query SELECT "public"."User"."id", "public"."User"."email", "public"."User"."name" FROM "public"."User" WHERE ("public"."User"."id" = $1 AND 1=1) LIMIT $2 OFFSET $3
prisma:query SELECT "public"."Expense"."id", "public"."Expense"."companyId", "public"."Expense"."date", "public"."Expense"."amount", "public"."Expense"."category", "public"."Expense"."description", "public"."Expense"."receiptUrl", "public"."Expense"."mileage", "public"."Expense"."vehicleType", "public"."Expense"."createdAt", "public"."Expense"."updatedAt" FROM "public"."Expense" WHERE "public"."Expense"."companyId" = $1 ORDER BY "public"."Expense"."date" DESC OFFSET $2
prisma:query SELECT 1
prisma:query SELECT "public"."User"."id", "public"."User"."email", "public"."User"."name" FROM "public"."User" WHERE ("public"."User"."id" = $1 AND 1=1) LIMIT $2 OFFSET $3
prisma:query SELECT "public"."Invoice"."id", "public"."Invoice"."companyId", "public"."Invoice"."clientId", "public"."Invoice"."invoiceDate", "public"."Invoice"."dueDate", "public"."Invoice"."description", "public"."Invoice"."subtotal", "public"."Invoice"."vat", "public"."Invoice"."total", "public"."Invoice"."status" FROM "public"."Invoice" WHERE "public"."Invoice"."companyId" = $1 ORDER BY "public"."Invoice"."invoiceDate" DESC OFFSET $2
prisma:query SELECT "public"."Client"."id", "public"."Client"."name", "public"."Client"."email" FROM "public"."Client" WHERE "public"."Client"."id" IN ($1,$2,$3,$4,$5,$6,$7,$8,$9) OFFSET $10
prisma:query SELECT "public"."LineItem"."id", "public"."LineItem"."invoiceId", "public"."LineItem"."description", "public"."LineItem"."quantity", "public"."LineItem"."unitPrice", "public"."LineItem"."vatType", "public"."LineItem"."vatAmount", "public"."LineItem"."lineTotal" FROM "public"."LineItem" WHERE "public"."LineItem"."invoiceId" IN ($1,$2,$3,$4,$5,$6,$7,$8,$9,$10,$11,$12,$13,$14,$15,$16,$17,$18,$19,$20,$21,$22,$23,$24,$25,$26,$27,$28,$29,$30,$31,$32,$33,$34,$35,$36,$37,$38,$39,$40,$41,$42,$43,$44,$45,$46,$47,$48,$49,$50,$51,$52,$53,$54,$55,$56,$57,$58,$59,$60,$61,$62,$63,$64,$65,$66,$67,$68,$69,$70,$71,$72,$73,$74,$75,$76,$77,$78,$79) OFFSET $80
prisma:query SELECT "public"."User"."id", "public"."User"."email", "public"."User"."name" FROM "public"."User" WHERE ("public"."User"."id" = $1 AND 1=1) LIMIT $2 OFFSET $3
prisma:query SELECT "public"."Expense"."id", "public"."Expense"."companyId", "public"."Expense"."date", "public"."Expense"."amount", "public"."Expense"."category", "public"."Expense"."description", "public"."Expense"."receiptUrl", "public"."Expense"."mileage", "public"."Expense"."vehicleType", "public"."Expense"."createdAt", "public"."Expense"."updatedAt" FROM "public"."Expense" WHERE "public"."Expense"."companyId" = $1 ORDER BY "public"."Expense"."date" DESC OFFSET $2
prisma:query SELECT 1
prisma:query SELECT "public"."User"."id", "public"."User"."email", "public"."User"."name" FROM "public"."User" WHERE ("public"."User"."id" = $1 AND 1=1) LIMIT $2 OFFSET $3
prisma:query SELECT "public"."Invoice"."id", "public"."Invoice"."companyId", "public"."Invoice"."clientId", "public"."Invoice"."invoiceDate", "public"."Invoice"."dueDate", "public"."Invoice"."description", "public"."Invoice"."subtotal", "public"."Invoice"."vat", "public"."Invoice"."total", "public"."Invoice"."status" FROM "public"."Invoice" WHERE "public"."Invoice"."companyId" = $1 ORDER BY "public"."Invoice"."invoiceDate" DESC OFFSET $2
prisma:query SELECT "public"."Client"."id", "public"."Client"."name", "public"."Client"."email" FROM "public"."Client" WHERE "public"."Client"."id" IN ($1,$2,$3,$4,$5,$6,$7,$8,$9) OFFSET $10
prisma:query SELECT "public"."LineItem"."id", "public"."LineItem"."invoiceId", "public"."LineItem"."description", "public"."LineItem"."quantity", "public"."LineItem"."unitPrice", "public"."LineItem"."vatType", "public"."LineItem"."vatAmount", "public"."LineItem"."lineTotal" FROM "public"."LineItem" WHERE "public"."LineItem"."invoiceId" IN ($1,$2,$3,$4,$5,$6,$7,$8,$9,$10,$11,$12,$13,$14,$15,$16,$17,$18,$19,$20,$21,$22,$23,$24,$25,$26,$27,$28,$29,$30,$31,$32,$33,$34,$35,$36,$37,$38,$39,$40,$41,$42,$43,$44,$45,$46,$47,$48,$49,$50,$51,$52,$53,$54,$55,$56,$57,$58,$59,$60,$61,$62,$63,$64,$65,$66,$67,$68,$69,$70,$71,$72,$73,$74,$75,$76,$77,$78,$79) OFFSET $80
prisma:query SELECT "public"."User"."id", "public"."User"."email", "public"."User"."name" FROM "public"."User" WHERE ("public"."User"."id" = $1 AND 1=1) LIMIT $2 OFFSET $3
prisma:query SELECT "public"."Expense"."id", "public"."Expense"."companyId", "public"."Expense"."date", "public"."Expense"."amount", "public"."Expense"."category", "public"."Expense"."description", "public"."Expense"."receiptUrl", "public"."Expense"."mileage", "public"."Expense"."vehicleType", "public"."Expense"."createdAt", "public"."Expense"."updatedAt" FROM "public"."Expense" WHERE "public"."Expense"."companyId" = $1 ORDER BY "public"."Expense"."date" DESC OFFSET $2
prisma:query SELECT "public"."User"."id", "public"."User"."email", "public"."User"."password", "public"."User"."name", "public"."User"."emailVerified", "public"."User"."emailToken", "public"."User"."emailTokenExpires", "public"."User"."createdAt", "public"."User"."updatedAt" FROM "public"."User" WHERE ("public"."User"."email" = $1 AND 1=1) LIMIT $2 OFFSET $3
prisma:query SELECT "public"."User"."id", "public"."User"."email", "public"."User"."name" FROM "public"."User" WHERE ("public"."User"."id" = $1 AND 1=1) LIMIT $2 OFFSET $3
prisma:query SELECT "public"."Invoice"."id", "public"."Invoice"."companyId", "public"."Invoice"."clientId", "public"."Invoice"."invoiceDate", "public"."Invoice"."dueDate", "public"."Invoice"."description", "public"."Invoice"."subtotal", "public"."Invoice"."vat", "public"."Invoice"."total", "public"."Invoice"."status" FROM "public"."Invoice" WHERE "public"."Invoice"."companyId" = $1 ORDER BY "public"."Invoice"."invoiceDate" DESC OFFSET $2
prisma:query SELECT "public"."Client"."id", "public"."Client"."name", "public"."Client"."email" FROM "public"."Client" WHERE "public"."Client"."id" IN ($1,$2,$3,$4,$5,$6,$7,$8,$9) OFFSET $10
prisma:query SELECT "public"."LineItem"."id", "public"."LineItem"."invoiceId", "public"."LineItem"."description", "public"."LineItem"."quantity", "public"."LineItem"."unitPrice", "public"."LineItem"."vatType", "public"."LineItem"."vatAmount", "public"."LineItem"."lineTotal" FROM "public"."LineItem" WHERE "public"."LineItem"."invoiceId" IN ($1,$2,$3,$4,$5,$6,$7,$8,$9,$10,$11,$12,$13,$14,$15,$16,$17,$18,$19,$20,$21,$22,$23,$24,$25,$26,$27,$28,$29,$30,$31,$32,$33,$34,$35,$36,$37,$38,$39,$40,$41,$42,$43,$44,$45,$46,$47,$48,$49,$50,$51,$52,$53,$54,$55,$56,$57,$58,$59,$60,$61,$62,$63,$64,$65,$66,$67,$68,$69,$70,$71,$72,$73,$74,$75,$76,$77,$78,$79) OFFSET $80
prisma:query SELECT "public"."User"."id", "public"."User"."email", "public"."User"."name" FROM "public"."User" WHERE ("public"."User"."id" = $1 AND 1=1) LIMIT $2 OFFSET $3
prisma:query SELECT "public"."Invoice"."id", "public"."Invoice"."companyId", "public"."Invoice"."clientId", "public"."Invoice"."invoiceDate", "public"."Invoice"."dueDate", "public"."Invoice"."description", "public"."Invoice"."subtotal", "public"."Invoice"."vat", "public"."Invoice"."total", "public"."Invoice"."status" FROM "public"."Invoice" WHERE "public"."Invoice"."companyId" = $1 ORDER BY "public"."Invoice"."invoiceDate" DESC OFFSET $2
prisma:query SELECT "public"."Client"."id", "public"."Client"."name", "public"."Client"."email" FROM "public"."Client" WHERE "public"."Client"."id" IN ($1,$2,$3,$4,$5,$6,$7,$8,$9) OFFSET $10
prisma:query SELECT "public"."LineItem"."id", "public"."LineItem"."invoiceId", "public"."LineItem"."description", "public"."LineItem"."quantity", "public"."LineItem"."unitPrice", "public"."LineItem"."vatType", "public"."LineItem"."vatAmount", "public"."LineItem"."lineTotal" FROM "public"."LineItem" WHERE "public"."LineItem"."invoiceId" IN ($1,$2,$3,$4,$5,$6,$7,$8,$9,$10,$11,$12,$13,$14,$15,$16,$17,$18,$19,$20,$21,$22,$23,$24,$25,$26,$27,$28,$29,$30,$31,$32,$33,$34,$35,$36,$37,$38,$39,$40,$41,$42,$43,$44,$45,$46,$47,$48,$49,$50,$51,$52,$53,$54,$55,$56,$57,$58,$59,$60,$61,$62,$63,$64,$65,$66,$67,$68,$69,$70,$71,$72,$73,$74,$75,$76,$77,$78,$79) OFFSET $80
prisma:query SELECT "public"."User"."id", "public"."User"."email", "public"."User"."name" FROM "public"."User" WHERE ("public"."User"."id" = $1 AND 1=1) LIMIT $2 OFFSET $3
prisma:query SELECT "public"."Expense"."id", "public"."Expense"."companyId", "public"."Expense"."date", "public"."Expense"."amount", "public"."Expense"."category", "public"."Expense"."description", "public"."Expense"."receiptUrl", "public"."Expense"."mileage", "public"."Expense"."vehicleType", "public"."Expense"."createdAt", "public"."Expense"."updatedAt" FROM "public"."Expense" WHERE "public"."Expense"."companyId" = $1 ORDER BY "public"."Expense"."date" DESC OFFSET $2
prisma:query SELECT "public"."User"."id", "public"."User"."email", "public"."User"."name" FROM "public"."User" WHERE ("public"."User"."id" = $1 AND 1=1) LIMIT $2 OFFSET $3
prisma:query SELECT "public"."Expense"."id", "public"."Expense"."companyId", "public"."Expense"."date", "public"."Expense"."amount", "public"."Expense"."category", "public"."Expense"."description", "public"."Expense"."receiptUrl", "public"."Expense"."mileage", "public"."Expense"."vehicleType", "public"."Expense"."createdAt", "public"."Expense"."updatedAt" FROM "public"."Expense" WHERE "public"."Expense"."companyId" = $1 ORDER BY "public"."Expense"."date" DESC OFFSET $2
prisma:query SELECT 1
prisma:query SELECT "public"."User"."id", "public"."User"."email", "public"."User"."name" FROM "public"."User" WHERE ("public"."User"."id" = $1 AND 1=1) LIMIT $2 OFFSET $3
prisma:query SELECT "public"."Client"."id", "public"."Client"."companyId", "public"."Client"."name", "public"."Client"."contactPerson", "public"."Client"."email", "public"."Client"."phone", "public"."Client"."address", "public"."Client"."vatNumber", "public"."Client"."notes", "public"."Client"."status", "public"."Client"."createdAt", "public"."Client"."updatedAt" FROM "public"."Client" WHERE "public"."Client"."companyId" = $1 ORDER BY "public"."Client"."name" ASC OFFSET $2
prisma:query SELECT "public"."Invoice"."id", "public"."Invoice"."total", "public"."Invoice"."invoiceDate", "public"."Invoice"."clientId" FROM "public"."Invoice" WHERE "public"."Invoice"."clientId" IN ($1,$2,$3,$4,$5,$6,$7,$8,$9) OFFSET $10
prisma:query SELECT 1
prisma:query SELECT "public"."User"."id", "public"."User"."email", "public"."User"."name" FROM "public"."User" WHERE ("public"."User"."id" = $1 AND 1=1) LIMIT $2 OFFSET $3
prisma:query SELECT "public"."Company"."id", "public"."Company"."name", "public"."Company"."vatNumber", "public"."Company"."companyNumber", "public"."Company"."utr" FROM "public"."Company" WHERE 1=1 ORDER BY "public"."Company"."name" ASC OFFSET $1
prisma:query SELECT "public"."User"."id", "public"."User"."email", "public"."User"."name" FROM "public"."User" WHERE ("public"."User"."id" = $1 AND 1=1) LIMIT $2 OFFSET $3
prisma:query SELECT "public"."Invoice"."id", "public"."Invoice"."companyId", "public"."Invoice"."clientId", "public"."Invoice"."invoiceDate", "public"."Invoice"."dueDate", "public"."Invoice"."description", "public"."Invoice"."subtotal", "public"."Invoice"."vat", "public"."Invoice"."total", "public"."Invoice"."status" FROM "public"."Invoice" WHERE "public"."Invoice"."companyId" = $1 ORDER BY "public"."Invoice"."invoiceDate" DESC OFFSET $2
prisma:query SELECT "public"."Client"."id", "public"."Client"."name", "public"."Client"."email" FROM "public"."Client" WHERE "public"."Client"."id" IN ($1,$2,$3,$4,$5,$6,$7,$8,$9) OFFSET $10
prisma:query SELECT "public"."LineItem"."id", "public"."LineItem"."invoiceId", "public"."LineItem"."description", "public"."LineItem"."quantity", "public"."LineItem"."unitPrice", "public"."LineItem"."vatType", "public"."LineItem"."vatAmount", "public"."LineItem"."lineTotal" FROM "public"."LineItem" WHERE "public"."LineItem"."invoiceId" IN ($1,$2,$3,$4,$5,$6,$7,$8,$9,$10,$11,$12,$13,$14,$15,$16,$17,$18,$19,$20,$21,$22,$23,$24,$25,$26,$27,$28,$29,$30,$31,$32,$33,$34,$35,$36,$37,$38,$39,$40,$41,$42,$43,$44,$45,$46,$47,$48,$49,$50,$51,$52,$53,$54,$55,$56,$57,$58,$59,$60,$61,$62,$63,$64,$65,$66,$67,$68,$69,$70,$71,$72,$73,$74,$75,$76,$77,$78,$79) OFFSET $80
prisma:query SELECT "public"."User"."id", "public"."User"."email", "public"."User"."name" FROM "public"."User" WHERE ("public"."User"."id" = $1 AND 1=1) LIMIT $2 OFFSET $3
prisma:query SELECT "public"."Expense"."id", "public"."Expense"."companyId", "public"."Expense"."date", "public"."Expense"."amount", "public"."Expense"."category", "public"."Expense"."description", "public"."Expense"."receiptUrl", "public"."Expense"."mileage", "public"."Expense"."vehicleType", "public"."Expense"."createdAt", "public"."Expense"."updatedAt" FROM "public"."Expense" WHERE "public"."Expense"."companyId" = $1 ORDER BY "public"."Expense"."date" DESC OFFSET $2
prisma:query SELECT "public"."User"."id", "public"."User"."email", "public"."User"."password", "public"."User"."name", "public"."User"."emailVerified", "public"."User"."emailToken", "public"."User"."emailTokenExpires", "public"."User"."createdAt", "public"."User"."updatedAt" FROM "public"."User" WHERE ("public"."User"."email" = $1 AND 1=1) LIMIT $2 OFFSET $3
prisma:query SELECT "public"."User"."id", "public"."User"."email", "public"."User"."name" FROM "public"."User" WHERE ("public"."User"."id" = $1 AND 1=1) LIMIT $2 OFFSET $3
prisma:query SELECT "public"."Invoice"."id", "public"."Invoice"."companyId", "public"."Invoice"."clientId", "public"."Invoice"."invoiceDate", "public"."Invoice"."dueDate", "public"."Invoice"."description", "public"."Invoice"."subtotal", "public"."Invoice"."vat", "public"."Invoice"."total", "public"."Invoice"."status" FROM "public"."Invoice" WHERE "public"."Invoice"."companyId" = $1 ORDER BY "public"."Invoice"."invoiceDate" DESC OFFSET $2
prisma:query SELECT "public"."Client"."id", "public"."Client"."name", "public"."Client"."email" FROM "public"."Client" WHERE "public"."Client"."id" IN ($1,$2,$3,$4,$5,$6,$7,$8,$9) OFFSET $10
prisma:query SELECT "public"."LineItem"."id", "public"."LineItem"."invoiceId", "public"."LineItem"."description", "public"."LineItem"."quantity", "public"."LineItem"."unitPrice", "public"."LineItem"."vatType", "public"."LineItem"."vatAmount", "public"."LineItem"."lineTotal" FROM "public"."LineItem" WHERE "public"."LineItem"."invoiceId" IN ($1,$2,$3,$4,$5,$6,$7,$8,$9,$10,$11,$12,$13,$14,$15,$16,$17,$18,$19,$20,$21,$22,$23,$24,$25,$26,$27,$28,$29,$30,$31,$32,$33,$34,$35,$36,$37,$38,$39,$40,$41,$42,$43,$44,$45,$46,$47,$48,$49,$50,$51,$52,$53,$54,$55,$56,$57,$58,$59,$60,$61,$62,$63,$64,$65,$66,$67,$68,$69,$70,$71,$72,$73,$74,$75,$76,$77,$78,$79) OFFSET $80
prisma:query SELECT "public"."User"."id", "public"."User"."email", "public"."User"."name" FROM "public"."User" WHERE ("public"."User"."id" = $1 AND 1=1) LIMIT $2 OFFSET $3
prisma:query SELECT 1
prisma:query SELECT "public"."User"."id", "public"."User"."email", "public"."User"."name" FROM "public"."User" WHERE ("public"."User"."id" = $1 AND 1=1) LIMIT $2 OFFSET $3
prisma:query SELECT "public"."Invoice"."id", "public"."Invoice"."companyId", "public"."Invoice"."clientId", "public"."Invoice"."invoiceDate", "public"."Invoice"."dueDate", "public"."Invoice"."description", "public"."Invoice"."subtotal", "public"."Invoice"."vat", "public"."Invoice"."total", "public"."Invoice"."status" FROM "public"."Invoice" WHERE "public"."Invoice"."companyId" = $1 ORDER BY "public"."Invoice"."invoiceDate" DESC OFFSET $2
prisma:query SELECT "public"."Client"."id", "public"."Client"."name", "public"."Client"."email" FROM "public"."Client" WHERE "public"."Client"."id" IN ($1,$2,$3,$4,$5,$6,$7,$8,$9) OFFSET $10
prisma:query SELECT "public"."Expense"."id", "public"."Expense"."companyId", "public"."Expense"."date", "public"."Expense"."amount", "public"."Expense"."category", "public"."Expense"."description", "public"."Expense"."receiptUrl", "public"."Expense"."mileage", "public"."Expense"."vehicleType", "public"."Expense"."createdAt", "public"."Expense"."updatedAt" FROM "public"."Expense" WHERE "public"."Expense"."companyId" = $1 ORDER BY "public"."Expense"."date" DESC OFFSET $2
prisma:query SELECT "public"."LineItem"."id", "public"."LineItem"."invoiceId", "public"."LineItem"."description", "public"."LineItem"."quantity", "public"."LineItem"."unitPrice", "public"."LineItem"."vatType", "public"."LineItem"."vatAmount", "public"."LineItem"."lineTotal" FROM "public"."LineItem" WHERE "public"."LineItem"."invoiceId" IN ($1,$2,$3,$4,$5,$6,$7,$8,$9,$10,$11,$12,$13,$14,$15,$16,$17,$18,$19,$20,$21,$22,$23,$24,$25,$26,$27,$28,$29,$30,$31,$32,$33,$34,$35,$36,$37,$38,$39,$40,$41,$42,$43,$44,$45,$46,$47,$48,$49,$50,$51,$52,$53,$54,$55,$56,$57,$58,$59,$60,$61,$62,$63,$64,$65,$66,$67,$68,$69,$70,$71,$72,$73,$74,$75,$76,$77,$78,$79) OFFSET $80
prisma:query SELECT "public"."User"."id", "public"."User"."email", "public"."User"."name" FROM "public"."User" WHERE ("public"."User"."id" = $1 AND 1=1) LIMIT $2 OFFSET $3
prisma:query SELECT "public"."Expense"."id", "public"."Expense"."companyId", "public"."Expense"."date", "public"."Expense"."amount", "public"."Expense"."category", "public"."Expense"."description", "public"."Expense"."receiptUrl", "public"."Expense"."mileage", "public"."Expense"."vehicleType", "public"."Expense"."createdAt", "public"."Expense"."updatedAt" FROM "public"."Expense" WHERE "public"."Expense"."companyId" = $1 ORDER BY "public"."Expense"."date" DESC OFFSET $2
prisma:query SELECT "public"."User"."id", "public"."User"."email", "public"."User"."name" FROM "public"."User" WHERE ("public"."User"."id" = $1 AND 1=1) LIMIT $2 OFFSET $3
prisma:query SELECT "public"."Client"."id", "public"."Client"."companyId", "public"."Client"."name", "public"."Client"."contactPerson", "public"."Client"."email", "public"."Client"."phone", "public"."Client"."address", "public"."Client"."vatNumber", "public"."Client"."notes", "public"."Client"."status", "public"."Client"."createdAt", "public"."Client"."updatedAt" FROM "public"."Client" WHERE "public"."Client"."companyId" = $1 ORDER BY "public"."Client"."name" ASC OFFSET $2
prisma:query SELECT "public"."Invoice"."id", "public"."Invoice"."total", "public"."Invoice"."invoiceDate", "public"."Invoice"."clientId" FROM "public"."Invoice" WHERE "public"."Invoice"."clientId" IN ($1,$2,$3,$4,$5,$6,$7,$8,$9) OFFSET $10
prisma:query SELECT 1
prisma:query SELECT "public"."User"."id", "public"."User"."email", "public"."User"."name" FROM "public"."User" WHERE ("public"."User"."id" = $1 AND 1=1) LIMIT $2 OFFSET $3
prisma:query SELECT "public"."Invoice"."id", "public"."Invoice"."companyId", "public"."Invoice"."clientId", "public"."Invoice"."invoiceDate", "public"."Invoice"."dueDate", "public"."Invoice"."description", "public"."Invoice"."subtotal", "public"."Invoice"."vat", "public"."Invoice"."total", "public"."Invoice"."status" FROM "public"."Invoice" WHERE "public"."Invoice"."companyId" = $1 ORDER BY "public"."Invoice"."invoiceDate" DESC OFFSET $2
prisma:query SELECT "public"."Client"."id", "public"."Client"."name", "public"."Client"."email" FROM "public"."Client" WHERE "public"."Client"."id" IN ($1,$2,$3,$4,$5,$6,$7,$8,$9) OFFSET $10
prisma:query SELECT "public"."LineItem"."id", "public"."LineItem"."invoiceId", "public"."LineItem"."description", "public"."LineItem"."quantity", "public"."LineItem"."unitPrice", "public"."LineItem"."vatType", "public"."LineItem"."vatAmount", "public"."LineItem"."lineTotal" FROM "public"."LineItem" WHERE "public"."LineItem"."invoiceId" IN ($1,$2,$3,$4,$5,$6,$7,$8,$9,$10,$11,$12,$13,$14,$15,$16,$17,$18,$19,$20,$21,$22,$23,$24,$25,$26,$27,$28,$29,$30,$31,$32,$33,$34,$35,$36,$37,$38,$39,$40,$41,$42,$43,$44,$45,$46,$47,$48,$49,$50,$51,$52,$53,$54,$55,$56,$57,$58,$59,$60,$61,$62,$63,$64,$65,$66,$67,$68,$69,$70,$71,$72,$73,$74,$75,$76,$77,$78,$79) OFFSET $80
prisma:query SELECT "public"."User"."id", "public"."User"."email", "public"."User"."name" FROM "public"."User" WHERE ("public"."User"."id" = $1 AND 1=1) LIMIT $2 OFFSET $3
prisma:query SELECT "public"."Expense"."id", "public"."Expense"."companyId", "public"."Expense"."date", "public"."Expense"."amount", "public"."Expense"."category", "public"."Expense"."description", "public"."Expense"."receiptUrl", "public"."Expense"."mileage", "public"."Expense"."vehicleType", "public"."Expense"."createdAt", "public"."Expense"."updatedAt" FROM "public"."Expense" WHERE "public"."Expense"."companyId" = $1 ORDER BY "public"."Expense"."date" DESC OFFSET $2
